0 info it worked if it ends with ok
1 verbose cli [ '/usr/bin/nodejs', '/usr/bin/npm', 'install', 'react', '--save' ]
2 info using npm@3.5.2
3 info using node@v4.2.6
4 silly loadCurrentTree Starting
5 silly install loadCurrentTree
6 silly install readLocalPackageData
7 silly rollbackFailedOptional Starting
8 silly rollbackFailedOptional Finishing
9 silly runTopLevelLifecycles Starting
10 silly runTopLevelLifecycles Finishing
11 silly install printInstalled
12 verbose stack Error: ENOENT: no such file or directory, lstat '/mnt/d/Projects/GryphoneLabWebsite/node_modules'
12 verbose stack     at Error (native)
13 verbose cwd /mnt/d/Projects/GryphoneLabWebsite/server
14 error Linux 4.4.0-17134-Microsoft
15 error argv "/usr/bin/nodejs" "/usr/bin/npm" "install" "react" "--save"
16 error node v4.2.6
17 error npm  v3.5.2
18 error path /mnt/d/Projects/GryphoneLabWebsite/node_modules
19 error code ENOENT
20 error errno -2
21 error syscall lstat
22 error enoent ENOENT: no such file or directory, lstat '/mnt/d/Projects/GryphoneLabWebsite/node_modules'
23 error enoent ENOENT: no such file or directory, lstat '/mnt/d/Projects/GryphoneLabWebsite/node_modules'
23 error enoent This is most likely not a problem with npm itself
23 error enoent and is related to npm not being able to find a file.
24 verbose exit [ -2, true ]
